<?xml version="1.0" encoding="UTF-8"?>
<!-- Generated by org.testng.reporters.JUnitReportReporter -->
<testsuite hostname="DESKTOP-GRUOEUJ" failures="0" tests="3" name="Demo.DynamicJson2" time="5.711" errors="0" timestamp="2022-09-20T12:01:39 IST" skipped="0">
  <testcase classname="Demo.DynamicJson2" name="addBook" time="1.481"/>
  <system-out/>
  <testcase classname="Demo.DynamicJson2" name="addBook" time="3.808"/>
  <system-out/>
  <testcase classname="Demo.DynamicJson2" name="addBook" time="0.422"/>
  <system-out/>
</testsuite> <!-- Demo.DynamicJson2 -->
