<?xml version="1.0" encoding="UTF-8"?>
<!-- Generated by org.testng.reporters.JUnitReportReporter -->
<testsuite hostname="DESKTOP-GRUOEUJ" failures="0" tests="1" name="Demo.SumValidation" time="2.835" errors="0" timestamp="2022-09-20T09:56:48 IST" skipped="0">
  <testcase classname="Demo.SumValidation" name="sumOfCourse" time="2.835"/>
  <system-out/>
</testsuite> <!-- Demo.SumValidation -->
